This is pdfTeX, Version 3.141592653-2.6-1.40.25 (MiKTeX 23.5) (preloaded format=pdflatex 2023.9.5)  26 NOV 2023 20:33
entering extended mode
 restricted \write18 enabled.
 %&-line parsing enabled.
**./Doc-cafeteria.tex
(Doc-cafeteria.tex
LaTeX2e <2023-06-01> patch level 1
L3 programming layer <2023-08-29>
(C:\Users\victo\AppData\Local\Programs\MiKTeX\tex/latex/base\article.cls
Document Class: article 2023/05/17 v1.4n Standard LaTeX document class
(C:\Users\victo\AppData\Local\Programs\MiKTeX\tex/latex/base\size12.clo
File: size12.clo 2023/05/17 v1.4n Standard LaTeX file (size option)
)
\c@part=\count185
\c@section=\count186
\c@subsection=\count187
\c@subsubsection=\count188
\c@paragraph=\count189
\c@subparagraph=\count190
\c@figure=\count191
\c@table=\count192
\abovecaptionskip=\skip48
\belowcaptionskip=\skip49
\bibindent=\dimen140
)
(C:\Users\victo\AppData\Local\Programs\MiKTeX\tex/latex/base\inputenc.sty
Package: inputenc 2021/02/14 v1.3d Input encoding file
\inpenc@prehook=\toks17
\inpenc@posthook=\toks18
)
(C:\Users\victo\AppData\Local\Programs\MiKTeX\tex/generic/babel\babel.sty
Package: babel 2023/08/29 v3.93 The Babel package
\babel@savecnt=\count193
\U@D=\dimen141
\l@unhyphenated=\language79

(C:\Users\victo\AppData\Local\Programs\MiKTeX\tex/generic/babel\txtbabel.def)
\bbl@readstream=\read2
\bbl@dirlevel=\count194

*************************************
* Local config file bblopts.cfg used
*
(C:\Users\victo\AppData\Local\Programs\MiKTeX\tex/latex/arabi\bblopts.cfg
File: bblopts.cfg 2005/09/08 v0.1 add Arabic and Farsi to "declared" options of
 babel
)
(C:\Users\victo\AppData\Local\Programs\MiKTeX\tex/latex/babel-spanish\spanish.l
df
Language: spanish.ldf 2021/05/27 v5.0q Spanish support from the babel system
\es@quottoks=\toks19
\es@quotdepth=\count195
Package babel Info: Making " an active character on input line 570.
Package babel Info: Making . an active character on input line 675.
Package babel Info: Making < an active character on input line 722.
Package babel Info: Making > an active character on input line 722.
))
(C:\Users\victo\AppData\Local\Programs\MiKTeX\tex/generic/babel/locale/es\babel
-spanish.tex
Package babel Info: Importing font and identification data for spanish
(babel)             from babel-es.ini. Reported on input line 11.
)
(C:\Users\victo\AppData\Local\Programs\MiKTeX\tex/latex/graphics\graphicx.sty
Package: graphicx 2021/09/16 v1.2d Enhanced LaTeX Graphics (DPC,SPQR)

(C:\Users\victo\AppData\Local\Programs\MiKTeX\tex/latex/graphics\keyval.sty
Package: keyval 2022/05/29 v1.15 key=value parser (DPC)
\KV@toks@=\toks20
)
(C:\Users\victo\AppData\Local\Programs\MiKTeX\tex/latex/graphics\graphics.sty
Package: graphics 2022/03/10 v1.4e Standard LaTeX Graphics (DPC,SPQR)

(C:\Users\victo\AppData\Local\Programs\MiKTeX\tex/latex/graphics\trig.sty
Package: trig 2021/08/11 v1.11 sin cos tan (DPC)
)
(C:\Users\victo\AppData\Local\Programs\MiKTeX\tex/latex/graphics-cfg\graphics.c
fg
File: graphics.cfg 2016/06/04 v1.11 sample graphics configuration
)
Package graphics Info: Driver file: pdftex.def on input line 107.

(C:\Users\victo\AppData\Local\Programs\MiKTeX\tex/latex/graphics-def\pdftex.def
File: pdftex.def 2022/09/22 v1.2b Graphics/color driver for pdftex
))
\Gin@req@height=\dimen142
\Gin@req@width=\dimen143
)
(C:\Users\victo\AppData\Local\Programs\MiKTeX\tex/latex/hyperref\hyperref.sty
Package: hyperref 2023-07-08 v7.01b Hypertext links for LaTeX

(C:\Users\victo\AppData\Local\Programs\MiKTeX\tex/generic/ltxcmds\ltxcmds.sty
Package: ltxcmds 2020-05-10 v1.25 LaTeX kernel commands for general use (HO)
)
(C:\Users\victo\AppData\Local\Programs\MiKTeX\tex/generic/iftex\iftex.sty
Package: iftex 2022/02/03 v1.0f TeX engine tests
)
(C:\Users\victo\AppData\Local\Programs\MiKTeX\tex/generic/pdftexcmds\pdftexcmds
.sty
Package: pdftexcmds 2020-06-27 v0.33 Utility functions of pdfTeX for LuaTeX (HO
)

(C:\Users\victo\AppData\Local\Programs\MiKTeX\tex/generic/infwarerr\infwarerr.s
ty
Package: infwarerr 2019/12/03 v1.5 Providing info/warning/error messages (HO)
)
Package pdftexcmds Info: \pdf@primitive is available.
Package pdftexcmds Info: \pdf@ifprimitive is available.
Package pdftexcmds Info: \pdfdraftmode found.
)
(C:\Users\victo\AppData\Local\Programs\MiKTeX\tex/latex/kvsetkeys\kvsetkeys.sty
Package: kvsetkeys 2022-10-05 v1.19 Key value parser (HO)
)
(C:\Users\victo\AppData\Local\Programs\MiKTeX\tex/generic/kvdefinekeys\kvdefine
keys.sty
Package: kvdefinekeys 2019-12-19 v1.6 Define keys (HO)
)
(C:\Users\victo\AppData\Local\Programs\MiKTeX\tex/generic/pdfescape\pdfescape.s
ty
Package: pdfescape 2019/12/09 v1.15 Implements pdfTeX's escape features (HO)
) (C:\Users\victo\AppData\Local\Programs\MiKTeX\tex/latex/hycolor\hycolor.sty
Package: hycolor 2020-01-27 v1.10 Color options for hyperref/bookmark (HO)
)
(C:\Users\victo\AppData\Local\Programs\MiKTeX\tex/latex/letltxmacro\letltxmacro
.sty
Package: letltxmacro 2019/12/03 v1.6 Let assignment for LaTeX macros (HO)
)
(C:\Users\victo\AppData\Local\Programs\MiKTeX\tex/latex/auxhook\auxhook.sty
Package: auxhook 2019-12-17 v1.6 Hooks for auxiliary files (HO)
)
(C:\Users\victo\AppData\Local\Programs\MiKTeX\tex/latex/hyperref\nameref.sty
Package: nameref 2023-08-07 v2.53 Cross-referencing by name of section

(C:\Users\victo\AppData\Local\Programs\MiKTeX\tex/latex/refcount\refcount.sty
Package: refcount 2019/12/15 v3.6 Data extraction from label references (HO)
)
(C:\Users\victo\AppData\Local\Programs\MiKTeX\tex/generic/gettitlestring\gettit
lestring.sty
Package: gettitlestring 2019/12/15 v1.6 Cleanup title references (HO)

(C:\Users\victo\AppData\Local\Programs\MiKTeX\tex/latex/kvoptions\kvoptions.sty
Package: kvoptions 2022-06-15 v3.15 Key value format for package options (HO)
))
\c@section@level=\count196
)
(C:\Users\victo\AppData\Local\Programs\MiKTeX\tex/latex/etoolbox\etoolbox.sty
Package: etoolbox 2020/10/05 v2.5k e-TeX tools for LaTeX (JAW)
\etb@tempcnta=\count197
)
\@linkdim=\dimen144
\Hy@linkcounter=\count198
\Hy@pagecounter=\count199

(C:\Users\victo\AppData\Local\Programs\MiKTeX\tex/latex/hyperref\pd1enc.def
File: pd1enc.def 2023-07-08 v7.01b Hyperref: PDFDocEncoding definition (HO)
Now handling font encoding PD1 ...
... no UTF-8 mapping file for font encoding PD1
)
(C:\Users\victo\AppData\Local\Programs\MiKTeX\tex/generic/intcalc\intcalc.sty
Package: intcalc 2019/12/15 v1.3 Expandable calculations with integers (HO)
)
\Hy@SavedSpaceFactor=\count266

(C:\Users\victo\AppData\Local\Programs\MiKTeX\tex/latex/hyperref\puenc.def
File: puenc.def 2023-07-08 v7.01b Hyperref: PDF Unicode definition (HO)
Now handling font encoding PU ...
... no UTF-8 mapping file for font encoding PU
)
Package hyperref Info: Hyper figures OFF on input line 4167.
Package hyperref Info: Link nesting OFF on input line 4172.
Package hyperref Info: Hyper index ON on input line 4175.
Package hyperref Info: Plain pages OFF on input line 4182.
Package hyperref Info: Backreferencing OFF on input line 4187.
Package hyperref Info: Implicit mode ON; LaTeX internals redefined.
Package hyperref Info: Bookmarks ON on input line 4434.
\c@Hy@tempcnt=\count267

(C:\Users\victo\AppData\Local\Programs\MiKTeX\tex/latex/url\url.sty
\Urlmuskip=\muskip16
Package: url 2013/09/16  ver 3.4  Verb mode for urls, etc.
)
LaTeX Info: Redefining \url on input line 4772.
\XeTeXLinkMargin=\dimen145

(C:\Users\victo\AppData\Local\Programs\MiKTeX\tex/generic/bitset\bitset.sty
Package: bitset 2019/12/09 v1.3 Handle bit-vector datatype (HO)

(C:\Users\victo\AppData\Local\Programs\MiKTeX\tex/generic/bigintcalc\bigintcalc
.sty
Package: bigintcalc 2019/12/15 v1.5 Expandable calculations on big integers (HO
)
))
\Fld@menulength=\count268
\Field@Width=\dimen146
\Fld@charsize=\dimen147
Package hyperref Info: Hyper figures OFF on input line 6051.
Package hyperref Info: Link nesting OFF on input line 6056.
Package hyperref Info: Hyper index ON on input line 6059.
Package hyperref Info: backreferencing OFF on input line 6066.
Package hyperref Info: Link coloring OFF on input line 6071.
Package hyperref Info: Link coloring with OCG OFF on input line 6076.
Package hyperref Info: PDF/A mode OFF on input line 6081.

(C:\Users\victo\AppData\Local\Programs\MiKTeX\tex/latex/base\atbegshi-ltx.sty
Package: atbegshi-ltx 2021/01/10 v1.0c Emulation of the original atbegshi
package with kernel methods
)
\Hy@abspage=\count269
\c@Item=\count270
\c@Hfootnote=\count271
)
Package hyperref Info: Driver (autodetected): hpdftex.
(C:\Users\victo\AppData\Local\Programs\MiKTeX\tex/latex/hyperref\hpdftex.def
File: hpdftex.def 2023-07-08 v7.01b Hyperref driver for pdfTeX

(C:\Users\victo\AppData\Local\Programs\MiKTeX\tex/latex/base\atveryend-ltx.sty
Package: atveryend-ltx 2020/08/19 v1.0a Emulation of the original atveryend pac
kage
with kernel methods
)
\Fld@listcount=\count272
\c@bookmark@seq@number=\count273

(C:\Users\victo\AppData\Local\Programs\MiKTeX\tex/latex/rerunfilecheck\rerunfil
echeck.sty
Package: rerunfilecheck 2022-07-10 v1.10 Rerun checks for auxiliary files (HO)

(C:\Users\victo\AppData\Local\Programs\MiKTeX\tex/generic/uniquecounter\uniquec
ounter.sty
Package: uniquecounter 2019/12/15 v1.4 Provide unlimited unique counter (HO)
)
Package uniquecounter Info: New unique counter `rerunfilecheck' on input line 2
85.
)
\Hy@SectionHShift=\skip50
)
(C:\Users\victo\AppData\Local\Programs\MiKTeX\tex/latex/todonotes\todonotes.sty
Package: todonotes 2023/01/31 v1.1.6 Todonotes source and documentation.
Package: todonotes 2023/01/31
(C:\Users\victo\AppData\Local\Programs\MiKTeX\tex/latex/base\ifthen.sty
Package: ifthen 2022/04/13 v1.1d Standard LaTeX ifthen package (DPC)
)
(C:\Users\victo\AppData\Local\Programs\MiKTeX\tex/latex/xkeyval\xkeyval.sty
Package: xkeyval 2022/06/16 v2.9 package option processing (HA)

(C:\Users\victo\AppData\Local\Programs\MiKTeX\tex/generic/xkeyval\xkeyval.tex
(C:\Users\victo\AppData\Local\Programs\MiKTeX\tex/generic/xkeyval\xkvutils.tex
\XKV@toks=\toks21
\XKV@tempa@toks=\toks22
)
\XKV@depth=\count274
File: xkeyval.tex 2014/12/03 v2.7a key=value parser (HA)
)) (C:\Users\victo\AppData\Local\Programs\MiKTeX\tex/latex/xcolor\xcolor.sty
Package: xcolor 2022/06/12 v2.14 LaTeX color extensions (UK)

(C:\Users\victo\AppData\Local\Programs\MiKTeX\tex/latex/graphics-cfg\color.cfg
File: color.cfg 2016/01/02 v1.6 sample color configuration
)
Package xcolor Info: Driver file: pdftex.def on input line 227.
(C:\Users\victo\AppData\Local\Programs\MiKTeX\tex/latex/graphics\mathcolor.ltx)
Package xcolor Info: Model `cmy' substituted by `cmy0' on input line 1353.
Package xcolor Info: Model `hsb' substituted by `rgb' on input line 1357.
Package xcolor Info: Model `RGB' extended on input line 1369.
Package xcolor Info: Model `HTML' substituted by `rgb' on input line 1371.
Package xcolor Info: Model `Hsb' substituted by `hsb' on input line 1372.
Package xcolor Info: Model `tHsb' substituted by `hsb' on input line 1373.
Package xcolor Info: Model `HSB' substituted by `hsb' on input line 1374.
Package xcolor Info: Model `Gray' substituted by `gray' on input line 1375.
Package xcolor Info: Model `wave' substituted by `hsb' on input line 1376.
)
(C:\Users\victo\AppData\Local\Programs\MiKTeX\tex/latex/pgf/frontendlayer\tikz.
sty
(C:\Users\victo\AppData\Local\Programs\MiKTeX\tex/latex/pgf/basiclayer\pgf.sty
(C:\Users\victo\AppData\Local\Programs\MiKTeX\tex/latex/pgf/utilities\pgfrcs.st
y
(C:\Users\victo\AppData\Local\Programs\MiKTeX\tex/generic/pgf/utilities\pgfutil
-common.tex
\pgfutil@everybye=\toks23
\pgfutil@tempdima=\dimen148
\pgfutil@tempdimb=\dimen149
)
(C:\Users\victo\AppData\Local\Programs\MiKTeX\tex/generic/pgf/utilities\pgfutil
-latex.def
\pgfutil@abb=\box51
)
(C:\Users\victo\AppData\Local\Programs\MiKTeX\tex/generic/pgf/utilities\pgfrcs.
code.tex
(C:\Users\victo\AppData\Local\Programs\MiKTeX\tex/generic/pgf\pgf.revision.tex)
Package: pgfrcs 2023-01-15 v3.1.10 (3.1.10)
))
Package: pgf 2023-01-15 v3.1.10 (3.1.10)

(C:\Users\victo\AppData\Local\Programs\MiKTeX\tex/latex/pgf/basiclayer\pgfcore.
sty
(C:\Users\victo\AppData\Local\Programs\MiKTeX\tex/latex/pgf/systemlayer\pgfsys.
sty
(C:\Users\victo\AppData\Local\Programs\MiKTeX\tex/generic/pgf/systemlayer\pgfsy
s.code.tex
Package: pgfsys 2023-01-15 v3.1.10 (3.1.10)

(C:\Users\victo\AppData\Local\Programs\MiKTeX\tex/generic/pgf/utilities\pgfkeys
.code.tex
\pgfkeys@pathtoks=\toks24
\pgfkeys@temptoks=\toks25

(C:\Users\victo\AppData\Local\Programs\MiKTeX\tex/generic/pgf/utilities\pgfkeys
libraryfiltered.code.tex
\pgfkeys@tmptoks=\toks26
))
\pgf@x=\dimen150
\pgf@y=\dimen151
\pgf@xa=\dimen152
\pgf@ya=\dimen153
\pgf@xb=\dimen154
\pgf@yb=\dimen155
\pgf@xc=\dimen156
\pgf@yc=\dimen157
\pgf@xd=\dimen158
\pgf@yd=\dimen159
\w@pgf@writea=\write3
\r@pgf@reada=\read3
\c@pgf@counta=\count275
\c@pgf@countb=\count276
\c@pgf@countc=\count277
\c@pgf@countd=\count278
\t@pgf@toka=\toks27
\t@pgf@tokb=\toks28
\t@pgf@tokc=\toks29
\pgf@sys@id@count=\count279

(C:\Users\victo\AppData\Local\Programs\MiKTeX\tex/generic/pgf/systemlayer\pgf.c
fg
File: pgf.cfg 2023-01-15 v3.1.10 (3.1.10)
)
Driver file for pgf: pgfsys-pdftex.def

(C:\Users\victo\AppData\Local\Programs\MiKTeX\tex/generic/pgf/systemlayer\pgfsy
s-pdftex.def
File: pgfsys-pdftex.def 2023-01-15 v3.1.10 (3.1.10)

(C:\Users\victo\AppData\Local\Programs\MiKTeX\tex/generic/pgf/systemlayer\pgfsy
s-common-pdf.def
File: pgfsys-common-pdf.def 2023-01-15 v3.1.10 (3.1.10)
)))
(C:\Users\victo\AppData\Local\Programs\MiKTeX\tex/generic/pgf/systemlayer\pgfsy
ssoftpath.code.tex
File: pgfsyssoftpath.code.tex 2023-01-15 v3.1.10 (3.1.10)
\pgfsyssoftpath@smallbuffer@items=\count280
\pgfsyssoftpath@bigbuffer@items=\count281
)
(C:\Users\victo\AppData\Local\Programs\MiKTeX\tex/generic/pgf/systemlayer\pgfsy
sprotocol.code.tex
File: pgfsysprotocol.code.tex 2023-01-15 v3.1.10 (3.1.10)
))
(C:\Users\victo\AppData\Local\Programs\MiKTeX\tex/generic/pgf/basiclayer\pgfcor
e.code.tex
Package: pgfcore 2023-01-15 v3.1.10 (3.1.10)

(C:\Users\victo\AppData\Local\Programs\MiKTeX\tex/generic/pgf/math\pgfmath.code
.tex
(C:\Users\victo\AppData\Local\Programs\MiKTeX\tex/generic/pgf/math\pgfmathutil.
code.tex)
(C:\Users\victo\AppData\Local\Programs\MiKTeX\tex/generic/pgf/math\pgfmathparse
r.code.tex
\pgfmath@dimen=\dimen160
\pgfmath@count=\count282
\pgfmath@box=\box52
\pgfmath@toks=\toks30
\pgfmath@stack@operand=\toks31
\pgfmath@stack@operation=\toks32
)
(C:\Users\victo\AppData\Local\Programs\MiKTeX\tex/generic/pgf/math\pgfmathfunct
ions.code.tex)
(C:\Users\victo\AppData\Local\Programs\MiKTeX\tex/generic/pgf/math\pgfmathfunct
ions.basic.code.tex)
(C:\Users\victo\AppData\Local\Programs\MiKTeX\tex/generic/pgf/math\pgfmathfunct
ions.trigonometric.code.tex)
(C:\Users\victo\AppData\Local\Programs\MiKTeX\tex/generic/pgf/math\pgfmathfunct
ions.random.code.tex)
(C:\Users\victo\AppData\Local\Programs\MiKTeX\tex/generic/pgf/math\pgfmathfunct
ions.comparison.code.tex)
(C:\Users\victo\AppData\Local\Programs\MiKTeX\tex/generic/pgf/math\pgfmathfunct
ions.base.code.tex)
(C:\Users\victo\AppData\Local\Programs\MiKTeX\tex/generic/pgf/math\pgfmathfunct
ions.round.code.tex)
(C:\Users\victo\AppData\Local\Programs\MiKTeX\tex/generic/pgf/math\pgfmathfunct
ions.misc.code.tex)
(C:\Users\victo\AppData\Local\Programs\MiKTeX\tex/generic/pgf/math\pgfmathfunct
ions.integerarithmetics.code.tex)
(C:\Users\victo\AppData\Local\Programs\MiKTeX\tex/generic/pgf/math\pgfmathcalc.
code.tex)
(C:\Users\victo\AppData\Local\Programs\MiKTeX\tex/generic/pgf/math\pgfmathfloat
.code.tex
\c@pgfmathroundto@lastzeros=\count283
))
(C:\Users\victo\AppData\Local\Programs\MiKTeX\tex/generic/pgf/math\pgfint.code.
tex)
(C:\Users\victo\AppData\Local\Programs\MiKTeX\tex/generic/pgf/basiclayer\pgfcor
epoints.code.tex
File: pgfcorepoints.code.tex 2023-01-15 v3.1.10 (3.1.10)
\pgf@picminx=\dimen161
\pgf@picmaxx=\dimen162
\pgf@picminy=\dimen163
\pgf@picmaxy=\dimen164
\pgf@pathminx=\dimen165
\pgf@pathmaxx=\dimen166
\pgf@pathminy=\dimen167
\pgf@pathmaxy=\dimen168
\pgf@xx=\dimen169
\pgf@xy=\dimen170
\pgf@yx=\dimen171
\pgf@yy=\dimen172
\pgf@zx=\dimen173
\pgf@zy=\dimen174
)
(C:\Users\victo\AppData\Local\Programs\MiKTeX\tex/generic/pgf/basiclayer\pgfcor
epathconstruct.code.tex
File: pgfcorepathconstruct.code.tex 2023-01-15 v3.1.10 (3.1.10)
\pgf@path@lastx=\dimen175
\pgf@path@lasty=\dimen176
)
(C:\Users\victo\AppData\Local\Programs\MiKTeX\tex/generic/pgf/basiclayer\pgfcor
epathusage.code.tex
File: pgfcorepathusage.code.tex 2023-01-15 v3.1.10 (3.1.10)
\pgf@shorten@end@additional=\dimen177
\pgf@shorten@start@additional=\dimen178
)
(C:\Users\victo\AppData\Local\Programs\MiKTeX\tex/generic/pgf/basiclayer\pgfcor
escopes.code.tex
File: pgfcorescopes.code.tex 2023-01-15 v3.1.10 (3.1.10)
\pgfpic=\box53
\pgf@hbox=\box54
\pgf@layerbox@main=\box55
\pgf@picture@serial@count=\count284
)
(C:\Users\victo\AppData\Local\Programs\MiKTeX\tex/generic/pgf/basiclayer\pgfcor
egraphicstate.code.tex
File: pgfcoregraphicstate.code.tex 2023-01-15 v3.1.10 (3.1.10)
\pgflinewidth=\dimen179
)
(C:\Users\victo\AppData\Local\Programs\MiKTeX\tex/generic/pgf/basiclayer\pgfcor
etransformations.code.tex
File: pgfcoretransformations.code.tex 2023-01-15 v3.1.10 (3.1.10)
\pgf@pt@x=\dimen180
\pgf@pt@y=\dimen181
\pgf@pt@temp=\dimen182
)
(C:\Users\victo\AppData\Local\Programs\MiKTeX\tex/generic/pgf/basiclayer\pgfcor
equick.code.tex
File: pgfcorequick.code.tex 2023-01-15 v3.1.10 (3.1.10)
)
(C:\Users\victo\AppData\Local\Programs\MiKTeX\tex/generic/pgf/basiclayer\pgfcor
eobjects.code.tex
File: pgfcoreobjects.code.tex 2023-01-15 v3.1.10 (3.1.10)
)
(C:\Users\victo\AppData\Local\Programs\MiKTeX\tex/generic/pgf/basiclayer\pgfcor
epathprocessing.code.tex
File: pgfcorepathprocessing.code.tex 2023-01-15 v3.1.10 (3.1.10)
)
(C:\Users\victo\AppData\Local\Programs\MiKTeX\tex/generic/pgf/basiclayer\pgfcor
earrows.code.tex
File: pgfcorearrows.code.tex 2023-01-15 v3.1.10 (3.1.10)
\pgfarrowsep=\dimen183
)
(C:\Users\victo\AppData\Local\Programs\MiKTeX\tex/generic/pgf/basiclayer\pgfcor
eshade.code.tex
File: pgfcoreshade.code.tex 2023-01-15 v3.1.10 (3.1.10)
\pgf@max=\dimen184
\pgf@sys@shading@range@num=\count285
\pgf@shadingcount=\count286
)
(C:\Users\victo\AppData\Local\Programs\MiKTeX\tex/generic/pgf/basiclayer\pgfcor
eimage.code.tex
File: pgfcoreimage.code.tex 2023-01-15 v3.1.10 (3.1.10)
)
(C:\Users\victo\AppData\Local\Programs\MiKTeX\tex/generic/pgf/basiclayer\pgfcor
eexternal.code.tex
File: pgfcoreexternal.code.tex 2023-01-15 v3.1.10 (3.1.10)
\pgfexternal@startupbox=\box56
)
(C:\Users\victo\AppData\Local\Programs\MiKTeX\tex/generic/pgf/basiclayer\pgfcor
elayers.code.tex
File: pgfcorelayers.code.tex 2023-01-15 v3.1.10 (3.1.10)
)
(C:\Users\victo\AppData\Local\Programs\MiKTeX\tex/generic/pgf/basiclayer\pgfcor
etransparency.code.tex
File: pgfcoretransparency.code.tex 2023-01-15 v3.1.10 (3.1.10)
)
(C:\Users\victo\AppData\Local\Programs\MiKTeX\tex/generic/pgf/basiclayer\pgfcor
epatterns.code.tex
File: pgfcorepatterns.code.tex 2023-01-15 v3.1.10 (3.1.10)
)
(C:\Users\victo\AppData\Local\Programs\MiKTeX\tex/generic/pgf/basiclayer\pgfcor
erdf.code.tex
File: pgfcorerdf.code.tex 2023-01-15 v3.1.10 (3.1.10)
)))
(C:\Users\victo\AppData\Local\Programs\MiKTeX\tex/generic/pgf/modules\pgfmodule
shapes.code.tex
File: pgfmoduleshapes.code.tex 2023-01-15 v3.1.10 (3.1.10)
\pgfnodeparttextbox=\box57
)
(C:\Users\victo\AppData\Local\Programs\MiKTeX\tex/generic/pgf/modules\pgfmodule
plot.code.tex
File: pgfmoduleplot.code.tex 2023-01-15 v3.1.10 (3.1.10)
)
(C:\Users\victo\AppData\Local\Programs\MiKTeX\tex/latex/pgf/compatibility\pgfco
mp-version-0-65.sty
Package: pgfcomp-version-0-65 2023-01-15 v3.1.10 (3.1.10)
\pgf@nodesepstart=\dimen185
\pgf@nodesepend=\dimen186
)
(C:\Users\victo\AppData\Local\Programs\MiKTeX\tex/latex/pgf/compatibility\pgfco
mp-version-1-18.sty
Package: pgfcomp-version-1-18 2023-01-15 v3.1.10 (3.1.10)
))
(C:\Users\victo\AppData\Local\Programs\MiKTeX\tex/latex/pgf/utilities\pgffor.st
y
(C:\Users\victo\AppData\Local\Programs\MiKTeX\tex/latex/pgf/utilities\pgfkeys.s
ty
(C:\Users\victo\AppData\Local\Programs\MiKTeX\tex/generic/pgf/utilities\pgfkeys
.code.tex))
(C:\Users\victo\AppData\Local\Programs\MiKTeX\tex/latex/pgf/math\pgfmath.sty
(C:\Users\victo\AppData\Local\Programs\MiKTeX\tex/generic/pgf/math\pgfmath.code
.tex))
(C:\Users\victo\AppData\Local\Programs\MiKTeX\tex/generic/pgf/utilities\pgffor.
code.tex
Package: pgffor 2023-01-15 v3.1.10 (3.1.10)
\pgffor@iter=\dimen187
\pgffor@skip=\dimen188
\pgffor@stack=\toks33
\pgffor@toks=\toks34
))
(C:\Users\victo\AppData\Local\Programs\MiKTeX\tex/generic/pgf/frontendlayer/tik
z\tikz.code.tex
Package: tikz 2023-01-15 v3.1.10 (3.1.10)

(C:\Users\victo\AppData\Local\Programs\MiKTeX\tex/generic/pgf/libraries\pgflibr
aryplothandlers.code.tex
File: pgflibraryplothandlers.code.tex 2023-01-15 v3.1.10 (3.1.10)
\pgf@plot@mark@count=\count287
\pgfplotmarksize=\dimen189
)
\tikz@lastx=\dimen190
\tikz@lasty=\dimen191
\tikz@lastxsaved=\dimen192
\tikz@lastysaved=\dimen193
\tikz@lastmovetox=\dimen194
\tikz@lastmovetoy=\dimen195
\tikzleveldistance=\dimen196
\tikzsiblingdistance=\dimen197
\tikz@figbox=\box58
\tikz@figbox@bg=\box59
\tikz@tempbox=\box60
\tikz@tempbox@bg=\box61
\tikztreelevel=\count288
\tikznumberofchildren=\count289
\tikznumberofcurrentchild=\count290
\tikz@fig@count=\count291

(C:\Users\victo\AppData\Local\Programs\MiKTeX\tex/generic/pgf/modules\pgfmodule
matrix.code.tex
File: pgfmodulematrix.code.tex 2023-01-15 v3.1.10 (3.1.10)
\pgfmatrixcurrentrow=\count292
\pgfmatrixcurrentcolumn=\count293
\pgf@matrix@numberofcolumns=\count294
)
\tikz@expandcount=\count295

(C:\Users\victo\AppData\Local\Programs\MiKTeX\tex/generic/pgf/frontendlayer/tik
z/libraries\tikzlibrarytopaths.code.tex
File: tikzlibrarytopaths.code.tex 2023-01-15 v3.1.10 (3.1.10)
)))
(C:\Users\victo\AppData\Local\Programs\MiKTeX\tex/generic/pgf/frontendlayer/tik
z/libraries\tikzlibrarypositioning.code.tex
File: tikzlibrarypositioning.code.tex 2023-01-15 v3.1.10 (3.1.10)
)
(C:\Users\victo\AppData\Local\Programs\MiKTeX\tex/latex/tools\calc.sty
Package: calc 2017/05/25 v4.3 Infix arithmetic (KKT,FJ)
\calc@Acount=\count296
\calc@Bcount=\count297
\calc@Adimen=\dimen198
\calc@Bdimen=\dimen199
\calc@Askip=\skip51
\calc@Bskip=\skip52
LaTeX Info: Redefining \setlength on input line 80.
LaTeX Info: Redefining \addtolength on input line 81.
\calc@Ccount=\count298
\calc@Cskip=\skip53
)
\c@@todonotes@numberoftodonotes=\count299
)
Package hyperref Info: Option `colorlinks' set `true' on input line 12.

(C:\Users\victo\AppData\Local\Programs\MiKTeX\tex/latex/l3backend\l3backend-pdf
tex.def
File: l3backend-pdftex.def 2023-04-19 L3 backend support: PDF output (pdfTeX)
\l__color_backend_stack_int=\count300
\l__pdf_internal_box=\box62
) (Doc-cafeteria.aux
LaTeX Info: Redefining \. on input line 22.
LaTeX Info: Redefining \% on input line 22.


LaTeX Warning: Label `fig:Diagrama-secuencia-agregar-comida' multiply defined.

)
\openout1 = `Doc-cafeteria.aux'.

LaTeX Font Info:    Checking defaults for OML/cmm/m/it on input line 18.
LaTeX Font Info:    ... okay on input line 18.
LaTeX Font Info:    Checking defaults for OMS/cmsy/m/n on input line 18.
LaTeX Font Info:    ... okay on input line 18.
LaTeX Font Info:    Checking defaults for OT1/cmr/m/n on input line 18.
LaTeX Font Info:    ... okay on input line 18.
LaTeX Font Info:    Checking defaults for T1/cmr/m/n on input line 18.
LaTeX Font Info:    ... okay on input line 18.
LaTeX Font Info:    Checking defaults for TS1/cmr/m/n on input line 18.
LaTeX Font Info:    ... okay on input line 18.
LaTeX Font Info:    Checking defaults for OMX/cmex/m/n on input line 18.
LaTeX Font Info:    ... okay on input line 18.
LaTeX Font Info:    Checking defaults for U/cmr/m/n on input line 18.
LaTeX Font Info:    ... okay on input line 18.
LaTeX Font Info:    Checking defaults for PD1/pdf/m/n on input line 18.
LaTeX Font Info:    ... okay on input line 18.
LaTeX Font Info:    Checking defaults for PU/pdf/m/n on input line 18.
LaTeX Font Info:    ... okay on input line 18.
LaTeX Info: Redefining \. on input line 18.
LaTeX Info: Redefining \% on input line 18.

(C:\Users\victo\AppData\Local\Programs\MiKTeX\tex/context/base/mkii\supp-pdf.mk
ii
[Loading MPS to PDF converter (version 2006.09.02).]
\scratchcounter=\count301
\scratchdimen=\dimen256
\scratchbox=\box63
\nofMPsegments=\count302
\nofMParguments=\count303
\everyMPshowfont=\toks35
\MPscratchCnt=\count304
\MPscratchDim=\dimen257
\MPnumerator=\count305
\makeMPintoPDFobject=\count306
\everyMPtoPDFconversion=\toks36
)
(C:\Users\victo\AppData\Local\Programs\MiKTeX\tex/latex/epstopdf-pkg\epstopdf-b
ase.sty
Package: epstopdf-base 2020-01-24 v2.11 Base part for package epstopdf
Package epstopdf-base Info: Redefining graphics rule for `.eps' on input line 4
85.

(C:\Users\victo\AppData\Local\Programs\MiKTeX\tex/latex/00miktex\epstopdf-sys.c
fg
File: epstopdf-sys.cfg 2021/03/18 v2.0 Configuration of epstopdf for MiKTeX
))
Package hyperref Info: Link coloring ON on input line 18.
 (Doc-cafeteria.out) (Doc-cafeteria.out)
\@outlinefile=\write4
\openout4 = `Doc-cafeteria.out'.



Package todonotes Warning: The length marginparwidth is less than 2cm and will 
most likely cause issues with the appearance of inserted todonotes. The issue c
an be solved by adding a line like \setlength {\marginparwidth }{2cm} prior to 
loading the todonotes package. on input line 18.

LaTeX Font Info:    External font `cmex10' loaded for size
(Font)              <14.4> on input line 21.
LaTeX Font Info:    External font `cmex10' loaded for size
(Font)              <7> on input line 21.

Overfull \hbox (53.67459pt too wide) in paragraph at lines 21--21
 [][] 
 []

[1

{C:/Users/victo/AppData/Local/MiKTeX/fonts/map/pdftex/pdftex.map}]
! Undefined control sequence.
l.24 \p
        Este es una idea de proyecto donde se busca optimizar el tiempo de r...
The control sequence at the end of the top line
of your error message was never \def'ed. If you have
misspelled it (e.g., `\hobx'), type `I' and the correct
spelling (e.g., `I\hbox'). Otherwise just continue,
and I'll forget about whatever was undefined.


! LaTeX Error: Invalid UTF-8 byte sequence (ía,).

See the LaTeX manual or LaTeX Companion for explanation.
Type  H <return>  for immediate help.
 ...                                              
                                                  
l.24 ... de respuesta del restaurante o cafetería,
                                                   donde los clientes al lle...

The document does not appear to be in UTF-8 encoding.
Try adding \UseRawInputEncoding as the first line of the file
or specify an encoding such as \usepackage [latin1]{inputenc}
in the document preamble.
Alternatively, save the file in UTF-8 using your editor or another tool

[2] (Doc-cafeteria.toc
LaTeX Info: Redefining \. on input line 1.
LaTeX Info: Redefining \% on input line 1.
LaTeX Font Info:    External font `cmex10' loaded for size
(Font)              <12> on input line 4.
LaTeX Font Info:    External font `cmex10' loaded for size
(Font)              <8> on input line 4.
LaTeX Font Info:    External font `cmex10' loaded for size
(Font)              <6> on input line 4.
)
\tf@toc=\write5
\openout5 = `Doc-cafeteria.toc'.

 [3]

! LaTeX Error: Invalid UTF-8 byte sequence (áli).

See the LaTeX manual or LaTeX Companion for explanation.
Type  H <return>  for immediate help.
 ...                                              
                                                  
l.58 	\item Notificar que el pedido ya está li
                                              sto.
The document does not appear to be in UTF-8 encoding.
Try adding \UseRawInputEncoding as the first line of the file
or specify an encoding such as \usepackage [latin1]{inputenc}
in the document preamble.
Alternatively, save the file in UTF-8 using your editor or another tool

[4] [5]
<C:/xampp/htdocs/Cafeteria-Menu/docImg/Img/Diagrams/DiagramaCasos/Diagrama-caso
s-user.png, id=147, 457.71pt x 332.442pt>
File: C:/xampp/htdocs/Cafeteria-Menu/docImg/Img/Diagrams/DiagramaCasos/Diagrama
-casos-user.png Graphic file (type png)
<use C:/xampp/htdocs/Cafeteria-Menu/docImg/Img/Diagrams/DiagramaCasos/Diagrama-
casos-user.png>
Package pdftex.def Info: C:/xampp/htdocs/Cafeteria-Menu/docImg/Img/Diagrams/Dia
gramaCasos/Diagrama-casos-user.png  used on input line 77.
(pdftex.def)             Requested size: 390.0pt x 283.27197pt.
<C:/xampp/htdocs/Cafeteria-Menu/docImg/Img/Diagrams/DiagramaCasos/Diagrama-caso
s-receptionist.png, id=149, 309.5565pt x 102.3825pt>
File: C:/xampp/htdocs/Cafeteria-Menu/docImg/Img/Diagrams/DiagramaCasos/Diagrama
-casos-receptionist.png Graphic file (type png)
<use C:/xampp/htdocs/Cafeteria-Menu/docImg/Img/Diagrams/DiagramaCasos/Diagrama-
casos-receptionist.png>
Package pdftex.def Info: C:/xampp/htdocs/Cafeteria-Menu/docImg/Img/Diagrams/Dia
gramaCasos/Diagrama-casos-receptionist.png  used on input line 85.
(pdftex.def)             Requested size: 390.0pt x 128.99794pt.
<C:/xampp/htdocs/Cafeteria-Menu/docImg/Img/Diagrams/DiagramaCasos/Diagrama-caso
s-kitchen.png, id=150, 325.81725pt x 105.39375pt>
File: C:/xampp/htdocs/Cafeteria-Menu/docImg/Img/Diagrams/DiagramaCasos/Diagrama
-casos-kitchen.png Graphic file (type png)
<use C:/xampp/htdocs/Cafeteria-Menu/docImg/Img/Diagrams/DiagramaCasos/Diagrama-
casos-kitchen.png>
Package pdftex.def Info: C:/xampp/htdocs/Cafeteria-Menu/docImg/Img/Diagrams/Dia
gramaCasos/Diagrama-casos-kitchen.png  used on input line 92.
(pdftex.def)             Requested size: 390.0pt x 126.15665pt.
 [6 <C:/xampp/htdocs/Cafeteria-Menu/docImg/Img/Diagrams/DiagramaCasos/Diagrama-
casos-user.png>] [7 <C:/xampp/htdocs/Cafeteria-Menu/docImg/Img/Diagrams/Diagram
aCasos/Diagrama-casos-receptionist.png> <C:/xampp/htdocs/Cafeteria-Menu/docImg/
Img/Diagrams/DiagramaCasos/Diagrama-casos-kitchen.png>]

! LaTeX Error: Invalid UTF-8 byte sequence (ía.).

See the LaTeX manual or LaTeX Companion for explanation.
Type  H <return>  for immediate help.
 ...                                              
                                                  
l.103   \item Seleccionar una categoría.
                                        
The document does not appear to be in UTF-8 encoding.
Try adding \UseRawInputEncoding as the first line of the file
or specify an encoding such as \usepackage [latin1]{inputenc}
in the document preamble.
Alternatively, save the file in UTF-8 using your editor or another tool


! LaTeX Error: Invalid UTF-8 byte sequence (ía.).

See the LaTeX manual or LaTeX Companion for explanation.
Type  H <return>  for immediate help.
 ...                                              
                                                  
l.114   \item Seleccionar una categoría.
                                        
The document does not appear to be in UTF-8 encoding.
Try adding \UseRawInputEncoding as the first line of the file
or specify an encoding such as \usepackage [latin1]{inputenc}
in the document preamble.
Alternatively, save the file in UTF-8 using your editor or another tool


! LaTeX Error: Invalid UTF-8 byte sequence (ónde).

See the LaTeX manual or LaTeX Companion for explanation.
Type  H <return>  for immediate help.
 ...                                              
                                                  
l.117 		\subitem Revisar la información de
                                          l alimento.
The document does not appear to be in UTF-8 encoding.
Try adding \UseRawInputEncoding as the first line of the file
or specify an encoding such as \usepackage [latin1]{inputenc}
in the document preamble.
Alternatively, save the file in UTF-8 using your editor or another tool


! LaTeX Error: Invalid UTF-8 byte sequence (ónde).

See the LaTeX manual or LaTeX Companion for explanation.
Type  H <return>  for immediate help.
 ...                                              
                                                  
l.120 		\subitem Regresar a la selección de
                                            categorías.
The document does not appear to be in UTF-8 encoding.
Try adding \UseRawInputEncoding as the first line of the file
or specify an encoding such as \usepackage [latin1]{inputenc}
in the document preamble.
Alternatively, save the file in UTF-8 using your editor or another tool


! LaTeX Error: Invalid UTF-8 byte sequence (ías).

See the LaTeX manual or LaTeX Companion for explanation.
Type  H <return>  for immediate help.
 ...                                              
                                                  
l.120 ...tem Regresar a la selección de categorías
                                                  .
The document does not appear to be in UTF-8 encoding.
Try adding \UseRawInputEncoding as the first line of the file
or specify an encoding such as \usepackage [latin1]{inputenc}
in the document preamble.
Alternatively, save the file in UTF-8 using your editor or another tool


! LaTeX Error: Invalid UTF-8 byte sequence (ónde).

See the LaTeX manual or LaTeX Companion for explanation.
Type  H <return>  for immediate help.
 ...                                              
                                                  
l.122 		\subitem Regresar a la selección de
                                            categorías.
The document does not appear to be in UTF-8 encoding.
Try adding \UseRawInputEncoding as the first line of the file
or specify an encoding such as \usepackage [latin1]{inputenc}
in the document preamble.
Alternatively, save the file in UTF-8 using your editor or another tool


! LaTeX Error: Invalid UTF-8 byte sequence (ías).

See the LaTeX manual or LaTeX Companion for explanation.
Type  H <return>  for immediate help.
 ...                                              
                                                  
l.122 ...tem Regresar a la selección de categorías
                                                  .
The document does not appear to be in UTF-8 encoding.
Try adding \UseRawInputEncoding as the first line of the file
or specify an encoding such as \usepackage [latin1]{inputenc}
in the document preamble.
Alternatively, save the file in UTF-8 using your editor or another tool

[8]
<C:/xampp/htdocs/Cafeteria-Menu/docImg/Img/Diagrams/DiagramaComponentes/Diagram
a-componentes-general.png, id=170, 1081.641pt x 436.029pt>
File: C:/xampp/htdocs/Cafeteria-Menu/docImg/Img/Diagrams/DiagramaComponentes/Di
agrama-componentes-general.png Graphic file (type png)
<use C:/xampp/htdocs/Cafeteria-Menu/docImg/Img/Diagrams/DiagramaComponentes/Dia
grama-componentes-general.png>
Package pdftex.def Info: C:/xampp/htdocs/Cafeteria-Menu/docImg/Img/Diagrams/Dia
gramaComponentes/Diagrama-componentes-general.png  used on input line 136.
(pdftex.def)             Requested size: 390.0pt x 157.21648pt.
<C:/xampp/htdocs/Cafeteria-Menu/docImg/Img/Diagrams/DiagramaClases/Diagrama-cla
ses-general.png, id=171, 977.45175pt x 337.86224pt>
File: C:/xampp/htdocs/Cafeteria-Menu/docImg/Img/Diagrams/DiagramaClases/Diagram
a-clases-general.png Graphic file (type png)
<use C:/xampp/htdocs/Cafeteria-Menu/docImg/Img/Diagrams/DiagramaClases/Diagrama
-clases-general.png>
Package pdftex.def Info: C:/xampp/htdocs/Cafeteria-Menu/docImg/Img/Diagrams/Dia
gramaClases/Diagrama-clases-general.png  used on input line 145.
(pdftex.def)             Requested size: 390.0pt x 134.80739pt.
 [9 <C:/xampp/htdocs/Cafeteria-Menu/docImg/Img/Diagrams/DiagramaComponentes/Dia
grama-componentes-general.png> <C:/xampp/htdocs/Cafeteria-Menu/docImg/Img/Diagr
ams/DiagramaClases/Diagrama-clases-general.png>]
<C:/xampp/htdocs/Cafeteria-Menu/docImg/Img/Diagrams/DiagramaSecuencia/Diagrama-
secuencia-general.png, id=180, 713.064pt x 419.166pt>
File: C:/xampp/htdocs/Cafeteria-Menu/docImg/Img/Diagrams/DiagramaSecuencia/Diag
rama-secuencia-general.png Graphic file (type png)
<use C:/xampp/htdocs/Cafeteria-Menu/docImg/Img/Diagrams/DiagramaSecuencia/Diagr
ama-secuencia-general.png>
Package pdftex.def Info: C:/xampp/htdocs/Cafeteria-Menu/docImg/Img/Diagrams/Dia
gramaSecuencia/Diagrama-secuencia-general.png  used on input line 156.
(pdftex.def)             Requested size: 390.0pt x 229.26282pt.
<C:/xampp/htdocs/Cafeteria-Menu/docImg/Img/Diagrams/DiagramaSecuencia/Diagrama-
secuencia-LogIn.png, id=181, 452.892pt x 429.40425pt>
File: C:/xampp/htdocs/Cafeteria-Menu/docImg/Img/Diagrams/DiagramaSecuencia/Diag
rama-secuencia-LogIn.png Graphic file (type png)
<use C:/xampp/htdocs/Cafeteria-Menu/docImg/Img/Diagrams/DiagramaSecuencia/Diagr
ama-secuencia-LogIn.png>
Package pdftex.def Info: C:/xampp/htdocs/Cafeteria-Menu/docImg/Img/Diagrams/Dia
gramaSecuencia/Diagrama-secuencia-LogIn.png  used on input line 163.
(pdftex.def)             Requested size: 390.0pt x 369.78496pt.
<C:/xampp/htdocs/Cafeteria-Menu/docImg/Img/Diagrams/DiagramaSecuencia/Diagrama-
secuencia-SignUp.png, id=182, 268.00125pt x 440.24475pt>
File: C:/xampp/htdocs/Cafeteria-Menu/docImg/Img/Diagrams/DiagramaSecuencia/Diag
rama-secuencia-SignUp.png Graphic file (type png)
<use C:/xampp/htdocs/Cafeteria-Menu/docImg/Img/Diagrams/DiagramaSecuencia/Diagr
ama-secuencia-SignUp.png>
Package pdftex.def Info: C:/xampp/htdocs/Cafeteria-Menu/docImg/Img/Diagrams/Dia
gramaSecuencia/Diagrama-secuencia-SignUp.png  used on input line 170.
(pdftex.def)             Requested size: 312.00119pt x 512.51817pt.
<C:/xampp/htdocs/Cafeteria-Menu/docImg/Img/Diagrams/DiagramasFlujo/DiagramaFluj
o-SignUp-Google.png, id=183, 677.53125pt x 456.20438pt>
File: C:/xampp/htdocs/Cafeteria-Menu/docImg/Img/Diagrams/DiagramasFlujo/Diagram
aFlujo-SignUp-Google.png Graphic file (type png)
<use C:/xampp/htdocs/Cafeteria-Menu/docImg/Img/Diagrams/DiagramasFlujo/Diagrama
Flujo-SignUp-Google.png>
Package pdftex.def Info: C:/xampp/htdocs/Cafeteria-Menu/docImg/Img/Diagrams/Dia
gramasFlujo/DiagramaFlujo-SignUp-Google.png  used on input line 177.
(pdftex.def)             Requested size: 390.0pt x 262.60783pt.
<C:/xampp/htdocs/Cafeteria-Menu/docImg/Img/Diagrams/DiagramaSecuencia/Diagrama-
secuencia-agregar-comida.png, id=184, 436.029pt x 436.63126pt>
File: C:/xampp/htdocs/Cafeteria-Menu/docImg/Img/Diagrams/DiagramaSecuencia/Diag
rama-secuencia-agregar-comida.png Graphic file (type png)
<use C:/xampp/htdocs/Cafeteria-Menu/docImg/Img/Diagrams/DiagramaSecuencia/Diagr
ama-secuencia-agregar-comida.png>
Package pdftex.def Info: C:/xampp/htdocs/Cafeteria-Menu/docImg/Img/Diagrams/Dia
gramaSecuencia/Diagrama-secuencia-agregar-comida.png  used on input line 184.
(pdftex.def)             Requested size: 390.0pt x 390.55936pt.
<C:/xampp/htdocs/Cafeteria-Menu/docImg/Img/Diagrams/DiagramaSecuencia/Diagrama-
secuencia-orders.png, id=185, 390.86024pt x 437.83575pt>
File: C:/xampp/htdocs/Cafeteria-Menu/docImg/Img/Diagrams/DiagramaSecuencia/Diag
rama-secuencia-orders.png Graphic file (type png)
<use C:/xampp/htdocs/Cafeteria-Menu/docImg/Img/Diagrams/DiagramaSecuencia/Diagr
ama-secuencia-orders.png>
Package pdftex.def Info: C:/xampp/htdocs/Cafeteria-Menu/docImg/Img/Diagrams/Dia
gramaSecuencia/Diagrama-secuencia-orders.png  used on input line 191.
(pdftex.def)             Requested size: 390.0pt x 436.886pt.
 [10 <C:/xampp/htdocs/Cafeteria-Menu/docImg/Img/Diagrams/DiagramaSecuencia/Diag
rama-secuencia-general.png>] [11 <C:/xampp/htdocs/Cafeteria-Menu/docImg/Img/Dia
grams/DiagramaSecuencia/Diagrama-secuencia-LogIn.png>] [12 <C:/xampp/htdocs/Caf
eteria-Menu/docImg/Img/Diagrams/DiagramaSecuencia/Diagrama-secuencia-SignUp.png
>] [13 <C:/xampp/htdocs/Cafeteria-Menu/docImg/Img/Diagrams/DiagramasFlujo/Diagr
amaFlujo-SignUp-Google.png>] [14 <C:/xampp/htdocs/Cafeteria-Menu/docImg/Img/Dia
grams/DiagramaSecuencia/Diagrama-secuencia-agregar-comida.png>] [15 <C:/xampp/h
tdocs/Cafeteria-Menu/docImg/Img/Diagrams/DiagramaSecuencia/Diagrama-secuencia-o
rders.png>]
<C:/xampp/htdocs/Cafeteria-Menu/docImg/Img/Diagrams/DiagramasFlujo/DiagramaFluj
o-LogIn.png, id=223, 542.77782pt x 571.38469pt>
File: C:/xampp/htdocs/Cafeteria-Menu/docImg/Img/Diagrams/DiagramasFlujo/Diagram
aFlujo-LogIn.png Graphic file (type png)
<use C:/xampp/htdocs/Cafeteria-Menu/docImg/Img/Diagrams/DiagramasFlujo/Diagrama
Flujo-LogIn.png>
Package pdftex.def Info: C:/xampp/htdocs/Cafeteria-Menu/docImg/Img/Diagrams/Dia
gramasFlujo/DiagramaFlujo-LogIn.png  used on input line 202.
(pdftex.def)             Requested size: 350.99762pt x 369.51242pt.
<C:/xampp/htdocs/Cafeteria-Menu/docImg/Img/Diagrams/DiagramasFlujo/DiagramaFluj
o-SignUp.png, id=224, 288.3272pt x 478.03593pt>
File: C:/xampp/htdocs/Cafeteria-Menu/docImg/Img/Diagrams/DiagramasFlujo/Diagram
aFlujo-SignUp.png Graphic file (type png)
<use C:/xampp/htdocs/Cafeteria-Menu/docImg/Img/Diagrams/DiagramasFlujo/Diagrama
Flujo-SignUp.png>
Package pdftex.def Info: C:/xampp/htdocs/Cafeteria-Menu/docImg/Img/Diagrams/Dia
gramasFlujo/DiagramaFlujo-SignUp.png  used on input line 209.
(pdftex.def)             Requested size: 312.00119pt x 517.3069pt.
<C:/xampp/htdocs/Cafeteria-Menu/docImg/Img/Diagrams/DiagramasFlujo/DiagramaFluj
o-UI.png, id=225, 1228.59pt x 567.62062pt>
File: C:/xampp/htdocs/Cafeteria-Menu/docImg/Img/Diagrams/DiagramasFlujo/Diagram
aFlujo-UI.png Graphic file (type png)
<use C:/xampp/htdocs/Cafeteria-Menu/docImg/Img/Diagrams/DiagramasFlujo/Diagrama
Flujo-UI.png>
Package pdftex.def Info: C:/xampp/htdocs/Cafeteria-Menu/docImg/Img/Diagrams/Dia
gramasFlujo/DiagramaFlujo-UI.png  used on input line 216.
(pdftex.def)             Requested size: 390.0pt x 180.18723pt.
<C:/xampp/htdocs/Cafeteria-Menu/docImg/Img/Diagrams/DiagramasFlujo/DiagramFlujo
-Basket.png, id=226, 411.78844pt x 312.41719pt>
File: C:/xampp/htdocs/Cafeteria-Menu/docImg/Img/Diagrams/DiagramasFlujo/Diagram
Flujo-Basket.png Graphic file (type png)
<use C:/xampp/htdocs/Cafeteria-Menu/docImg/Img/Diagrams/DiagramasFlujo/DiagramF
lujo-Basket.png>
Package pdftex.def Info: C:/xampp/htdocs/Cafeteria-Menu/docImg/Img/Diagrams/Dia
gramasFlujo/DiagramFlujo-Basket.png  used on input line 223.
(pdftex.def)             Requested size: 390.0pt x 295.88889pt.
 [16 <C:/xampp/htdocs/Cafeteria-Menu/docImg/Img/Diagrams/DiagramasFlujo/Diagram
aFlujo-LogIn.png>] [17 <C:/xampp/htdocs/Cafeteria-Menu/docImg/Img/Diagrams/Diag
ramasFlujo/DiagramaFlujo-SignUp.png>] [18 <C:/xampp/htdocs/Cafeteria-Menu/docIm
g/Img/Diagrams/DiagramasFlujo/DiagramaFlujo-UI.png> <C:/xampp/htdocs/Cafeteria-
Menu/docImg/Img/Diagrams/DiagramasFlujo/DiagramFlujo-Basket.png>]
<C:/xampp/htdocs/Cafeteria-Menu/docImg/Img/Diagrams/DiagramasEstado/DiagramaEst
ados.png, id=247, 609.02531pt x 281.55188pt>
File: C:/xampp/htdocs/Cafeteria-Menu/docImg/Img/Diagrams/DiagramasEstado/Diagra
maEstados.png Graphic file (type png)
<use C:/xampp/htdocs/Cafeteria-Menu/docImg/Img/Diagrams/DiagramasEstado/Diagram
aEstados.png>
Package pdftex.def Info: C:/xampp/htdocs/Cafeteria-Menu/docImg/Img/Diagrams/Dia
gramasEstado/DiagramaEstados.png  used on input line 233.
(pdftex.def)             Requested size: 390.0pt x 180.29997pt.
 [19 <C:/xampp/htdocs/Cafeteria-Menu/docImg/Img/Diagrams/DiagramasEstado/Diagra
maEstados.png>]
<C:/xampp/htdocs/Cafeteria-Menu/docImg//Img/Art/UI/UI-prototype.jpg, id=255, 77
2.8875pt x 656.4525pt>
File: C:/xampp/htdocs/Cafeteria-Menu/docImg//Img/Art/UI/UI-prototype.jpg Graphi
c file (type jpg)
<use C:/xampp/htdocs/Cafeteria-Menu/docImg//Img/Art/UI/UI-prototype.jpg>
Package pdftex.def Info: C:/xampp/htdocs/Cafeteria-Menu/docImg//Img/Art/UI/UI-p
rototype.jpg  used on input line 243.
(pdftex.def)             Requested size: 390.0pt x 331.25047pt.
<C:/xampp/htdocs/Cafeteria-Menu/docImg/Img/Art/UI/UI.png, id=256, 982.67125pt x
 506.89375pt>
File: C:/xampp/htdocs/Cafeteria-Menu/docImg/Img/Art/UI/UI.png Graphic file (typ
e png)
<use C:/xampp/htdocs/Cafeteria-Menu/docImg/Img/Art/UI/UI.png>
Package pdftex.def Info: C:/xampp/htdocs/Cafeteria-Menu/docImg/Img/Art/UI/UI.pn
g  used on input line 250.
(pdftex.def)             Requested size: 390.0pt x 201.17606pt.
 [20 <C:/xampp/htdocs/Cafeteria-Menu/docImg//Img/Art/UI/UI-prototype.jpg>]
! Undefined control sequence.
l.256 \p
         . . .
The control sequence at the end of the top line
of your error message was never \def'ed. If you have
misspelled it (e.g., `\hobx'), type `I' and the correct
spelling (e.g., `I\hbox'). Otherwise just continue,
and I'll forget about whatever was undefined.

[21 <C:/xampp/htdocs/Cafeteria-Menu/docImg/Img/Art/UI/UI.png>]
! Undefined control sequence.
l.261 \p
         Somos una empresa con experiencia en el desarrollo de software inte...
The control sequence at the end of the top line
of your error message was never \def'ed. If you have
misspelled it (e.g., `\hobx'), type `I' and the correct
spelling (e.g., `I\hbox'). Otherwise just continue,
and I'll forget about whatever was undefined.

<C:/xampp/htdocs/Cafeteria-Menu/docImg/Img/Art/EclipseLogo.png, id=268, 440.244
75pt x 394.47375pt>
File: C:/xampp/htdocs/Cafeteria-Menu/docImg/Img/Art/EclipseLogo.png Graphic fil
e (type png)
<use C:/xampp/htdocs/Cafeteria-Menu/docImg/Img/Art/EclipseLogo.png>
Package pdftex.def Info: C:/xampp/htdocs/Cafeteria-Menu/docImg/Img/Art/EclipseL
ogo.png  used on input line 266.
(pdftex.def)             Requested size: 350.99762pt x 314.52005pt.
! Undefined control sequence.
l.272 \p
         El nombre de Famtime Food se refiere a la combinacion de las palabr...
The control sequence at the end of the top line
of your error message was never \def'ed. If you have
misspelled it (e.g., `\hobx'), type `I' and the correct
spelling (e.g., `I\hbox'). Otherwise just continue,
and I'll forget about whatever was undefined.

<C:/xampp/htdocs/Cafeteria-Menu/docImg/Img/Art/Icon/App/Icon.png, id=269, 233.8
7375pt x 233.87375pt>
File: C:/xampp/htdocs/Cafeteria-Menu/docImg/Img/Art/Icon/App/Icon.png Graphic f
ile (type png)
<use C:/xampp/htdocs/Cafeteria-Menu/docImg/Img/Art/Icon/App/Icon.png>
Package pdftex.def Info: C:/xampp/htdocs/Cafeteria-Menu/docImg/Img/Art/Icon/App
/Icon.png  used on input line 275.
(pdftex.def)             Requested size: 117.00119pt x 117.00081pt.
[22 <C:/xampp/htdocs/Cafeteria-Menu/docImg/Img/Art/EclipseLogo.png>]
<C:/xampp/htdocs/Cafeteria-Menu/docImg/Img/Art/UI/Art&&Palette.png, id=276, 529
.98pt x 271.0125pt>
File: C:/xampp/htdocs/Cafeteria-Menu/docImg/Img/Art/UI/Art&&Palette.png Graphic
 file (type png)
<use C:/xampp/htdocs/Cafeteria-Menu/docImg/Img/Art/UI/Art&&Palette.png>
Package pdftex.def Info: C:/xampp/htdocs/Cafeteria-Menu/docImg/Img/Art/UI/Art&&
Palette.png  used on input line 284.
(pdftex.def)             Requested size: 390.0pt x 199.4337pt.
 [23 <C:/xampp/htdocs/Cafeteria-Menu/docImg/Img/Art/Icon/App/Icon.png> <C:/xamp
p/htdocs/Cafeteria-Menu/docImg/Img/Art/UI/Art&&Palette.png>]
! Undefined control sequence.
l.292 \p
         El prototipo fue hecho mediante el uso del software de Figma
The control sequence at the end of the top line
of your error message was never \def'ed. If you have
misspelled it (e.g., `\hobx'), type `I' and the correct
spelling (e.g., `I\hbox'). Otherwise just continue,
and I'll forget about whatever was undefined.

Package hyperref Info: bookmark level for unknown todo defaults to 0 on input l
ine 296.

Overfull \hbox (5.89961pt too wide) in paragraph at lines 296--296
[][][]\OT1/cmr/m/n/12 Funcion 
 []


Overfull \hbox (5.89961pt too wide) in paragraph at lines 296--296
[][][]\OT1/cmr/m/n/12 Funcion 
 []

! Undefined control sequence.
l.297 \p
         La funcion de ver mas informacion solo se encuentra representada en...
The control sequence at the end of the top line
of your error message was never \def'ed. If you have
misspelled it (e.g., `\hobx'), type `I' and the correct
spelling (e.g., `I\hbox'). Otherwise just continue,
and I'll forget about whatever was undefined.

[24] (Doc-cafeteria.aux
LaTeX Info: Redefining \. on input line 22.
LaTeX Info: Redefining \% on input line 22.
)
 ***********
LaTeX2e <2023-06-01> patch level 1
L3 programming layer <2023-08-29>
 ***********


LaTeX Warning: There were multiply-defined labels.

Package rerunfilecheck Info: File `Doc-cafeteria.out' has not changed.
(rerunfilecheck)             Checksum: B84DF608A24E79111CF9CFDAEB6A80C3;3283.
 ) 
Here is how much of TeX's memory you used:
 21240 strings out of 475248
 413908 string characters out of 5757814
 1927801 words of memory out of 5000000
 42361 multiletter control sequences out of 15000+600000
 563584 words of font info for 54 fonts, out of 8000000 for 9000
 1141 hyphenation exceptions out of 8191
 99i,9n,101p,437b,971s stack positions out of 10000i,1000n,20000p,200000b,200000s
<C:/Users/victo/AppData/Local/Programs/MiKTeX/fonts/type1/public/amsfonts/cm/
cmbx12.pfb><C:/Users/victo/AppData/Local/Programs/MiKTeX/fonts/type1/public/ams
fonts/cm/cmr12.pfb><C:/Users/victo/AppData/Local/Programs/MiKTeX/fonts/type1/pu
blic/amsfonts/cm/cmr17.pfb><C:/Users/victo/AppData/Local/Programs/MiKTeX/fonts/
type1/public/amsfonts/cm/cmr8.pfb><C:/Users/victo/AppData/Local/Programs/MiKTeX
/fonts/type1/public/amsfonts/cm/cmti12.pfb>
Output written on Doc-cafeteria.pdf (24 pages, 866456 bytes).
PDF statistics:
 331 PDF objects out of 1000 (max. 8388607)
 71 named destinations out of 1000 (max. 500000)
 302 words of extra memory for PDF output out of 10000 (max. 10000000)

