This is pdfTeX, Version 3.141592653-2.6-1.40.25 (MiKTeX 23.5) (preloaded format=pdflatex 2023.9.30)  30 SEP 2023 23:47
entering extended mode
 restricted \write18 enabled.
 %&-line parsing enabled.
**./Doc-cafeteria.tex
(Doc-cafeteria.tex
LaTeX2e <2023-06-01> patch level 1
L3 programming layer <2023-08-11>
(C:\Users\victo\AppData\Local\Programs\MiKTeX\tex/latex/base\article.cls
Document Class: article 2023/05/17 v1.4n Standard LaTeX document class
(C:\Users\victo\AppData\Local\Programs\MiKTeX\tex/latex/base\size12.clo
File: size12.clo 2023/05/17 v1.4n Standard LaTeX file (size option)
)
\c@part=\count185
\c@section=\count186
\c@subsection=\count187
\c@subsubsection=\count188
\c@paragraph=\count189
\c@subparagraph=\count190
\c@figure=\count191
\c@table=\count192
\abovecaptionskip=\skip48
\belowcaptionskip=\skip49
\bibindent=\dimen140
)
(C:\Users\victo\AppData\Local\Programs\MiKTeX\tex/latex/base\inputenc.sty
Package: inputenc 2021/02/14 v1.3d Input encoding file
\inpenc@prehook=\toks17
\inpenc@posthook=\toks18
)
(C:\Users\victo\AppData\Local\Programs\MiKTeX\tex/generic/babel\babel.sty
Package: babel 2023/07/15 v3.92 The Babel package
\babel@savecnt=\count193
\U@D=\dimen141
\l@unhyphenated=\language79

(C:\Users\victo\AppData\Local\Programs\MiKTeX\tex/generic/babel\txtbabel.def)
\bbl@readstream=\read2
\bbl@dirlevel=\count194

*************************************
* Local config file bblopts.cfg used
*
(C:\Users\victo\AppData\Local\Programs\MiKTeX\tex/latex/arabi\bblopts.cfg
File: bblopts.cfg 2005/09/08 v0.1 add Arabic and Farsi to "declared" options of
 babel
)
(C:\Users\victo\AppData\Local\Programs\MiKTeX\tex/latex/babel-spanish\spanish.l
df
Language: spanish.ldf 2021/05/27 v5.0q Spanish support from the babel system
\es@quottoks=\toks19
\es@quotdepth=\count195
Package babel Info: Making " an active character on input line 570.
Package babel Info: Making . an active character on input line 675.
Package babel Info: Making < an active character on input line 722.
Package babel Info: Making > an active character on input line 722.
))
(C:\Users\victo\AppData\Local\Programs\MiKTeX\tex/generic/babel/locale/es\babel
-spanish.tex
Package babel Info: Importing font and identification data for spanish
(babel)             from babel-es.ini. Reported on input line 11.
)
(C:\Users\victo\AppData\Local\Programs\MiKTeX\tex/latex/graphics\graphicx.sty
Package: graphicx 2021/09/16 v1.2d Enhanced LaTeX Graphics (DPC,SPQR)

(C:\Users\victo\AppData\Local\Programs\MiKTeX\tex/latex/graphics\keyval.sty
Package: keyval 2022/05/29 v1.15 key=value parser (DPC)
\KV@toks@=\toks20
)
(C:\Users\victo\AppData\Local\Programs\MiKTeX\tex/latex/graphics\graphics.sty
Package: graphics 2022/03/10 v1.4e Standard LaTeX Graphics (DPC,SPQR)

(C:\Users\victo\AppData\Local\Programs\MiKTeX\tex/latex/graphics\trig.sty
Package: trig 2021/08/11 v1.11 sin cos tan (DPC)
)
(C:\Users\victo\AppData\Local\Programs\MiKTeX\tex/latex/graphics-cfg\graphics.c
fg
File: graphics.cfg 2016/06/04 v1.11 sample graphics configuration
)
Package graphics Info: Driver file: pdftex.def on input line 107.

(C:\Users\victo\AppData\Local\Programs\MiKTeX\tex/latex/graphics-def\pdftex.def
File: pdftex.def 2022/09/22 v1.2b Graphics/color driver for pdftex
))
\Gin@req@height=\dimen142
\Gin@req@width=\dimen143
)
(C:\Users\victo\AppData\Local\Programs\MiKTeX\tex/latex/hyperref\hyperref.sty
Package: hyperref 2023-07-08 v7.01b Hypertext links for LaTeX

(C:\Users\victo\AppData\Local\Programs\MiKTeX\tex/generic/ltxcmds\ltxcmds.sty
Package: ltxcmds 2020-05-10 v1.25 LaTeX kernel commands for general use (HO)
)
(C:\Users\victo\AppData\Local\Programs\MiKTeX\tex/generic/iftex\iftex.sty
Package: iftex 2022/02/03 v1.0f TeX engine tests
)
(C:\Users\victo\AppData\Local\Programs\MiKTeX\tex/generic/pdftexcmds\pdftexcmds
.sty
Package: pdftexcmds 2020-06-27 v0.33 Utility functions of pdfTeX for LuaTeX (HO
)

(C:\Users\victo\AppData\Local\Programs\MiKTeX\tex/generic/infwarerr\infwarerr.s
ty
Package: infwarerr 2019/12/03 v1.5 Providing info/warning/error messages (HO)
)
Package pdftexcmds Info: \pdf@primitive is available.
Package pdftexcmds Info: \pdf@ifprimitive is available.
Package pdftexcmds Info: \pdfdraftmode found.
)
(C:\Users\victo\AppData\Local\Programs\MiKTeX\tex/latex/kvsetkeys\kvsetkeys.sty
Package: kvsetkeys 2022-10-05 v1.19 Key value parser (HO)
)
(C:\Users\victo\AppData\Local\Programs\MiKTeX\tex/generic/kvdefinekeys\kvdefine
keys.sty
Package: kvdefinekeys 2019-12-19 v1.6 Define keys (HO)
)
(C:\Users\victo\AppData\Local\Programs\MiKTeX\tex/generic/pdfescape\pdfescape.s
ty
Package: pdfescape 2019/12/09 v1.15 Implements pdfTeX's escape features (HO)
) (C:\Users\victo\AppData\Local\Programs\MiKTeX\tex/latex/hycolor\hycolor.sty
Package: hycolor 2020-01-27 v1.10 Color options for hyperref/bookmark (HO)
)
(C:\Users\victo\AppData\Local\Programs\MiKTeX\tex/latex/letltxmacro\letltxmacro
.sty
Package: letltxmacro 2019/12/03 v1.6 Let assignment for LaTeX macros (HO)
)
(C:\Users\victo\AppData\Local\Programs\MiKTeX\tex/latex/auxhook\auxhook.sty
Package: auxhook 2019-12-17 v1.6 Hooks for auxiliary files (HO)
)
(C:\Users\victo\AppData\Local\Programs\MiKTeX\tex/latex/hyperref\nameref.sty
Package: nameref 2023-08-07 v2.53 Cross-referencing by name of section

(C:\Users\victo\AppData\Local\Programs\MiKTeX\tex/latex/refcount\refcount.sty
Package: refcount 2019/12/15 v3.6 Data extraction from label references (HO)
)
(C:\Users\victo\AppData\Local\Programs\MiKTeX\tex/generic/gettitlestring\gettit
lestring.sty
Package: gettitlestring 2019/12/15 v1.6 Cleanup title references (HO)

(C:\Users\victo\AppData\Local\Programs\MiKTeX\tex/latex/kvoptions\kvoptions.sty
Package: kvoptions 2022-06-15 v3.15 Key value format for package options (HO)
))
\c@section@level=\count196
)
(C:\Users\victo\AppData\Local\Programs\MiKTeX\tex/latex/etoolbox\etoolbox.sty
Package: etoolbox 2020/10/05 v2.5k e-TeX tools for LaTeX (JAW)
\etb@tempcnta=\count197
)
\@linkdim=\dimen144
\Hy@linkcounter=\count198
\Hy@pagecounter=\count199

(C:\Users\victo\AppData\Local\Programs\MiKTeX\tex/latex/hyperref\pd1enc.def
File: pd1enc.def 2023-07-08 v7.01b Hyperref: PDFDocEncoding definition (HO)
Now handling font encoding PD1 ...
... no UTF-8 mapping file for font encoding PD1
)
(C:\Users\victo\AppData\Local\Programs\MiKTeX\tex/generic/intcalc\intcalc.sty
Package: intcalc 2019/12/15 v1.3 Expandable calculations with integers (HO)
)
\Hy@SavedSpaceFactor=\count266

(C:\Users\victo\AppData\Local\Programs\MiKTeX\tex/latex/hyperref\puenc.def
File: puenc.def 2023-07-08 v7.01b Hyperref: PDF Unicode definition (HO)
Now handling font encoding PU ...
... no UTF-8 mapping file for font encoding PU
)
Package hyperref Info: Hyper figures OFF on input line 4167.
Package hyperref Info: Link nesting OFF on input line 4172.
Package hyperref Info: Hyper index ON on input line 4175.
Package hyperref Info: Plain pages OFF on input line 4182.
Package hyperref Info: Backreferencing OFF on input line 4187.
Package hyperref Info: Implicit mode ON; LaTeX internals redefined.
Package hyperref Info: Bookmarks ON on input line 4434.
\c@Hy@tempcnt=\count267

(C:\Users\victo\AppData\Local\Programs\MiKTeX\tex/latex/url\url.sty
\Urlmuskip=\muskip16
Package: url 2013/09/16  ver 3.4  Verb mode for urls, etc.
)
LaTeX Info: Redefining \url on input line 4772.
\XeTeXLinkMargin=\dimen145

(C:\Users\victo\AppData\Local\Programs\MiKTeX\tex/generic/bitset\bitset.sty
Package: bitset 2019/12/09 v1.3 Handle bit-vector datatype (HO)

(C:\Users\victo\AppData\Local\Programs\MiKTeX\tex/generic/bigintcalc\bigintcalc
.sty
Package: bigintcalc 2019/12/15 v1.5 Expandable calculations on big integers (HO
)
))
\Fld@menulength=\count268
\Field@Width=\dimen146
\Fld@charsize=\dimen147
Package hyperref Info: Hyper figures OFF on input line 6051.
Package hyperref Info: Link nesting OFF on input line 6056.
Package hyperref Info: Hyper index ON on input line 6059.
Package hyperref Info: backreferencing OFF on input line 6066.
Package hyperref Info: Link coloring OFF on input line 6071.
Package hyperref Info: Link coloring with OCG OFF on input line 6076.
Package hyperref Info: PDF/A mode OFF on input line 6081.

(C:\Users\victo\AppData\Local\Programs\MiKTeX\tex/latex/base\atbegshi-ltx.sty
Package: atbegshi-ltx 2021/01/10 v1.0c Emulation of the original atbegshi
package with kernel methods
)
\Hy@abspage=\count269
\c@Item=\count270
\c@Hfootnote=\count271
)
Package hyperref Info: Driver (autodetected): hpdftex.
(C:\Users\victo\AppData\Local\Programs\MiKTeX\tex/latex/hyperref\hpdftex.def
File: hpdftex.def 2023-07-08 v7.01b Hyperref driver for pdfTeX

(C:\Users\victo\AppData\Local\Programs\MiKTeX\tex/latex/base\atveryend-ltx.sty
Package: atveryend-ltx 2020/08/19 v1.0a Emulation of the original atveryend pac
kage
with kernel methods
)
\Fld@listcount=\count272
\c@bookmark@seq@number=\count273

(C:\Users\victo\AppData\Local\Programs\MiKTeX\tex/latex/rerunfilecheck\rerunfil
echeck.sty
Package: rerunfilecheck 2022-07-10 v1.10 Rerun checks for auxiliary files (HO)

(C:\Users\victo\AppData\Local\Programs\MiKTeX\tex/generic/uniquecounter\uniquec
ounter.sty
Package: uniquecounter 2019/12/15 v1.4 Provide unlimited unique counter (HO)
)
Package uniquecounter Info: New unique counter `rerunfilecheck' on input line 2
85.
)
\Hy@SectionHShift=\skip50
)
Package hyperref Info: Option `colorlinks' set `true' on input line 11.

(C:\Users\victo\AppData\Local\Programs\MiKTeX\tex/latex/l3backend\l3backend-pdf
tex.def
File: l3backend-pdftex.def 2023-04-19 L3 backend support: PDF output (pdfTeX)
\l__color_backend_stack_int=\count274
\l__pdf_internal_box=\box51
) (Doc-cafeteria.aux
LaTeX Info: Redefining \. on input line 22.
LaTeX Info: Redefining \% on input line 22.
)
\openout1 = `Doc-cafeteria.aux'.

LaTeX Font Info:    Checking defaults for OML/cmm/m/it on input line 17.
LaTeX Font Info:    ... okay on input line 17.
LaTeX Font Info:    Checking defaults for OMS/cmsy/m/n on input line 17.
LaTeX Font Info:    ... okay on input line 17.
LaTeX Font Info:    Checking defaults for OT1/cmr/m/n on input line 17.
LaTeX Font Info:    ... okay on input line 17.
LaTeX Font Info:    Checking defaults for T1/cmr/m/n on input line 17.
LaTeX Font Info:    ... okay on input line 17.
LaTeX Font Info:    Checking defaults for TS1/cmr/m/n on input line 17.
LaTeX Font Info:    ... okay on input line 17.
LaTeX Font Info:    Checking defaults for OMX/cmex/m/n on input line 17.
LaTeX Font Info:    ... okay on input line 17.
LaTeX Font Info:    Checking defaults for U/cmr/m/n on input line 17.
LaTeX Font Info:    ... okay on input line 17.
LaTeX Font Info:    Checking defaults for PD1/pdf/m/n on input line 17.
LaTeX Font Info:    ... okay on input line 17.
LaTeX Font Info:    Checking defaults for PU/pdf/m/n on input line 17.
LaTeX Font Info:    ... okay on input line 17.
LaTeX Info: Redefining \. on input line 17.
LaTeX Info: Redefining \% on input line 17.

(C:\Users\victo\AppData\Local\Programs\MiKTeX\tex/context/base/mkii\supp-pdf.mk
ii
[Loading MPS to PDF converter (version 2006.09.02).]
\scratchcounter=\count275
\scratchdimen=\dimen148
\scratchbox=\box52
\nofMPsegments=\count276
\nofMParguments=\count277
\everyMPshowfont=\toks21
\MPscratchCnt=\count278
\MPscratchDim=\dimen149
\MPnumerator=\count279
\makeMPintoPDFobject=\count280
\everyMPtoPDFconversion=\toks22
)
(C:\Users\victo\AppData\Local\Programs\MiKTeX\tex/latex/epstopdf-pkg\epstopdf-b
ase.sty
Package: epstopdf-base 2020-01-24 v2.11 Base part for package epstopdf
Package epstopdf-base Info: Redefining graphics rule for `.eps' on input line 4
85.

(C:\Users\victo\AppData\Local\Programs\MiKTeX\tex/latex/00miktex\epstopdf-sys.c
fg
File: epstopdf-sys.cfg 2021/03/18 v2.0 Configuration of epstopdf for MiKTeX
)) (C:\Users\victo\AppData\Local\Programs\MiKTeX\tex/latex/graphics\color.sty
Package: color 2022/01/06 v1.3d Standard LaTeX Color (DPC)
(C:\Users\victo\AppData\Local\Programs\MiKTeX\tex/latex/graphics-cfg\color.cfg
File: color.cfg 2016/01/02 v1.6 sample color configuration
)
Package color Info: Driver file: pdftex.def on input line 149.
(C:\Users\victo\AppData\Local\Programs\MiKTeX\tex/latex/graphics\mathcolor.ltx)
)
Package hyperref Info: Link coloring ON on input line 17.
 (Doc-cafeteria.out) (Doc-cafeteria.out)
\@outlinefile=\write3
\openout3 = `Doc-cafeteria.out'.

LaTeX Font Info:    External font `cmex10' loaded for size
(Font)              <14.4> on input line 20.
LaTeX Font Info:    External font `cmex10' loaded for size
(Font)              <7> on input line 20.

Overfull \hbox (53.67459pt too wide) in paragraph at lines 20--20
 [][] 
 []

[1

{C:/Users/victo/AppData/Local/MiKTeX/fonts/map/pdftex/pdftex.map}]
(Doc-cafeteria.toc
LaTeX Info: Redefining \. on input line 1.
LaTeX Info: Redefining \% on input line 1.
LaTeX Font Info:    External font `cmex10' loaded for size
(Font)              <12> on input line 3.
LaTeX Font Info:    External font `cmex10' loaded for size
(Font)              <8> on input line 3.
LaTeX Font Info:    External font `cmex10' loaded for size
(Font)              <6> on input line 3.
)
\tf@toc=\write4
\openout4 = `Doc-cafeteria.toc'.

 [2]

! LaTeX Error: Invalid UTF-8 byte sequence (áli).

See the LaTeX manual or LaTeX Companion for explanation.
Type  H <return>  for immediate help.
 ...                                              
                                                  
l.53 	\item Notificar que el pedido ya está li
                                              sto.
The document does not appear to be in UTF-8 encoding.
Try adding \UseRawInputEncoding as the first line of the file
or specify an encoding such as \usepackage [latin1]{inputenc}
in the document preamble.
Alternatively, save the file in UTF-8 using your editor or another tool

[3] [4]
<C:/Users/victo/Documents/Repositories/Amerike/3rdSemester/Cafeteria-Menu/Asset
s/Img/DiagramaCasos/Diagrama-casos-user.png, id=95, 457.71pt x 332.442pt>
File: C:/Users/victo/Documents/Repositories/Amerike/3rdSemester/Cafeteria-Menu/
Assets/Img/DiagramaCasos/Diagrama-casos-user.png Graphic file (type png)
<use C:/Users/victo/Documents/Repositories/Amerike/3rdSemester/Cafeteria-Menu/A
ssets/Img/DiagramaCasos/Diagrama-casos-user.png>
Package pdftex.def Info: C:/Users/victo/Documents/Repositories/Amerike/3rdSemes
ter/Cafeteria-Menu/Assets/Img/DiagramaCasos/Diagrama-casos-user.png  used on in
put line 70.
(pdftex.def)             Requested size: 390.0pt x 283.27197pt.
<C:/Users/victo/Documents/Repositories/Amerike/3rdSemester/Cafeteria-Menu/Asset
s/Img/DiagramaCasos/Diagrama-casos-receptionist.png, id=97, 309.5565pt x 102.38
25pt>
File: C:/Users/victo/Documents/Repositories/Amerike/3rdSemester/Cafeteria-Menu/
Assets/Img/DiagramaCasos/Diagrama-casos-receptionist.png Graphic file (type png
)
<use C:/Users/victo/Documents/Repositories/Amerike/3rdSemester/Cafeteria-Menu/A
ssets/Img/DiagramaCasos/Diagrama-casos-receptionist.png>
Package pdftex.def Info: C:/Users/victo/Documents/Repositories/Amerike/3rdSemes
ter/Cafeteria-Menu/Assets/Img/DiagramaCasos/Diagrama-casos-receptionist.png  us
ed on input line 77.
(pdftex.def)             Requested size: 390.0pt x 128.99794pt.
<C:/Users/victo/Documents/Repositories/Amerike/3rdSemester/Cafeteria-Menu/Asset
s/Img/DiagramaCasos/Diagrama-casos-kitchen.png, id=98, 325.81725pt x 105.39375p
t>
File: C:/Users/victo/Documents/Repositories/Amerike/3rdSemester/Cafeteria-Menu/
Assets/Img/DiagramaCasos/Diagrama-casos-kitchen.png Graphic file (type png)
<use C:/Users/victo/Documents/Repositories/Amerike/3rdSemester/Cafeteria-Menu/A
ssets/Img/DiagramaCasos/Diagrama-casos-kitchen.png>
Package pdftex.def Info: C:/Users/victo/Documents/Repositories/Amerike/3rdSemes
ter/Cafeteria-Menu/Assets/Img/DiagramaCasos/Diagrama-casos-kitchen.png  used on
 input line 84.
(pdftex.def)             Requested size: 390.0pt x 126.15665pt.
 [5 <C:/Users/victo/Documents/Repositories/Amerike/3rdSemester/Cafeteria-Menu/A
ssets/Img/DiagramaCasos/Diagrama-casos-user.png>] [6 <C:/Users/victo/Documents/
Repositories/Amerike/3rdSemester/Cafeteria-Menu/Assets/Img/DiagramaCasos/Diagra
ma-casos-receptionist.png> <C:/Users/victo/Documents/Repositories/Amerike/3rdSe
mester/Cafeteria-Menu/Assets/Img/DiagramaCasos/Diagrama-casos-kitchen.png>]

! LaTeX Error: Invalid UTF-8 byte sequence (ía.).

See the LaTeX manual or LaTeX Companion for explanation.
Type  H <return>  for immediate help.
 ...                                              
                                                  
l.94   \item Seleccionar una categoría.
                                       
The document does not appear to be in UTF-8 encoding.
Try adding \UseRawInputEncoding as the first line of the file
or specify an encoding such as \usepackage [latin1]{inputenc}
in the document preamble.
Alternatively, save the file in UTF-8 using your editor or another tool


! LaTeX Error: Invalid UTF-8 byte sequence (ía.).

See the LaTeX manual or LaTeX Companion for explanation.
Type  H <return>  for immediate help.
 ...                                              
                                                  
l.105   \item Seleccionar una categoría.
                                        
The document does not appear to be in UTF-8 encoding.
Try adding \UseRawInputEncoding as the first line of the file
or specify an encoding such as \usepackage [latin1]{inputenc}
in the document preamble.
Alternatively, save the file in UTF-8 using your editor or another tool


! LaTeX Error: Invalid UTF-8 byte sequence (ónde).

See the LaTeX manual or LaTeX Companion for explanation.
Type  H <return>  for immediate help.
 ...                                              
                                                  
l.108 		\subitem Revisar la información de
                                          l alimento.
The document does not appear to be in UTF-8 encoding.
Try adding \UseRawInputEncoding as the first line of the file
or specify an encoding such as \usepackage [latin1]{inputenc}
in the document preamble.
Alternatively, save the file in UTF-8 using your editor or another tool


! LaTeX Error: Invalid UTF-8 byte sequence (ónde).

See the LaTeX manual or LaTeX Companion for explanation.
Type  H <return>  for immediate help.
 ...                                              
                                                  
l.111 		\subitem Regresar a la selección de
                                            categorías.
The document does not appear to be in UTF-8 encoding.
Try adding \UseRawInputEncoding as the first line of the file
or specify an encoding such as \usepackage [latin1]{inputenc}
in the document preamble.
Alternatively, save the file in UTF-8 using your editor or another tool


! LaTeX Error: Invalid UTF-8 byte sequence (ías).

See the LaTeX manual or LaTeX Companion for explanation.
Type  H <return>  for immediate help.
 ...                                              
                                                  
l.111 ...tem Regresar a la selección de categorías
                                                  .
The document does not appear to be in UTF-8 encoding.
Try adding \UseRawInputEncoding as the first line of the file
or specify an encoding such as \usepackage [latin1]{inputenc}
in the document preamble.
Alternatively, save the file in UTF-8 using your editor or another tool


! LaTeX Error: Invalid UTF-8 byte sequence (ónde).

See the LaTeX manual or LaTeX Companion for explanation.
Type  H <return>  for immediate help.
 ...                                              
                                                  
l.113 		\subitem Regresar a la selección de
                                            categorías.
The document does not appear to be in UTF-8 encoding.
Try adding \UseRawInputEncoding as the first line of the file
or specify an encoding such as \usepackage [latin1]{inputenc}
in the document preamble.
Alternatively, save the file in UTF-8 using your editor or another tool


! LaTeX Error: Invalid UTF-8 byte sequence (ías).

See the LaTeX manual or LaTeX Companion for explanation.
Type  H <return>  for immediate help.
 ...                                              
                                                  
l.113 ...tem Regresar a la selección de categorías
                                                  .
The document does not appear to be in UTF-8 encoding.
Try adding \UseRawInputEncoding as the first line of the file
or specify an encoding such as \usepackage [latin1]{inputenc}
in the document preamble.
Alternatively, save the file in UTF-8 using your editor or another tool

[7]
<C:/Users/victo/Documents/Repositories/Amerike/3rdSemester/Cafeteria-Menu/Asset
s/Img/DiagramaComponentes/Diagrama-componentes-general.png, id=118, 1081.641pt 
x 436.029pt>
File: C:/Users/victo/Documents/Repositories/Amerike/3rdSemester/Cafeteria-Menu/
Assets/Img/DiagramaComponentes/Diagrama-componentes-general.png Graphic file (t
ype png)
<use C:/Users/victo/Documents/Repositories/Amerike/3rdSemester/Cafeteria-Menu/A
ssets/Img/DiagramaComponentes/Diagrama-componentes-general.png>
Package pdftex.def Info: C:/Users/victo/Documents/Repositories/Amerike/3rdSemes
ter/Cafeteria-Menu/Assets/Img/DiagramaComponentes/Diagrama-componentes-general.
png  used on input line 127.
(pdftex.def)             Requested size: 390.0pt x 157.21648pt.
<C:/Users/victo/Documents/Repositories/Amerike/3rdSemester/Cafeteria-Menu/Asset
s/Img/DiagramaClases/Diagrama-clases-general.png, id=119, 977.45175pt x 337.862
24pt>
File: C:/Users/victo/Documents/Repositories/Amerike/3rdSemester/Cafeteria-Menu/
Assets/Img/DiagramaClases/Diagrama-clases-general.png Graphic file (type png)
<use C:/Users/victo/Documents/Repositories/Amerike/3rdSemester/Cafeteria-Menu/A
ssets/Img/DiagramaClases/Diagrama-clases-general.png>
Package pdftex.def Info: C:/Users/victo/Documents/Repositories/Amerike/3rdSemes
ter/Cafeteria-Menu/Assets/Img/DiagramaClases/Diagrama-clases-general.png  used 
on input line 135.
(pdftex.def)             Requested size: 390.0pt x 134.80739pt.
 [8 <C:/Users/victo/Documents/Repositories/Amerike/3rdSemester/Cafeteria-Menu/A
ssets/Img/DiagramaComponentes/Diagrama-componentes-general.png> <C:/Users/victo
/Documents/Repositories/Amerike/3rdSemester/Cafeteria-Menu/Assets/Img/DiagramaC
lases/Diagrama-clases-general.png>]
<C:/Users/victo/Documents/Repositories/Amerike/3rdSemester/Cafeteria-Menu/Asset
s/Img/DiagramaSecuencia/Diagrama-secuencia-general.png, id=128, 713.064pt x 419
.166pt>
File: C:/Users/victo/Documents/Repositories/Amerike/3rdSemester/Cafeteria-Menu/
Assets/Img/DiagramaSecuencia/Diagrama-secuencia-general.png Graphic file (type 
png)
<use C:/Users/victo/Documents/Repositories/Amerike/3rdSemester/Cafeteria-Menu/A
ssets/Img/DiagramaSecuencia/Diagrama-secuencia-general.png>
Package pdftex.def Info: C:/Users/victo/Documents/Repositories/Amerike/3rdSemes
ter/Cafeteria-Menu/Assets/Img/DiagramaSecuencia/Diagrama-secuencia-general.png 
 used on input line 144.
(pdftex.def)             Requested size: 390.0pt x 229.26282pt.
<C:/Users/victo/Documents/Repositories/Amerike/3rdSemester/Cafeteria-Menu/Asset
s/Img/DiagramaSecuencia/Diagrama-secuencia-LogIn.png, id=129, 452.892pt x 429.4
0425pt>
File: C:/Users/victo/Documents/Repositories/Amerike/3rdSemester/Cafeteria-Menu/
Assets/Img/DiagramaSecuencia/Diagrama-secuencia-LogIn.png Graphic file (type pn
g)
<use C:/Users/victo/Documents/Repositories/Amerike/3rdSemester/Cafeteria-Menu/A
ssets/Img/DiagramaSecuencia/Diagrama-secuencia-LogIn.png>
Package pdftex.def Info: C:/Users/victo/Documents/Repositories/Amerike/3rdSemes
ter/Cafeteria-Menu/Assets/Img/DiagramaSecuencia/Diagrama-secuencia-LogIn.png  u
sed on input line 151.
(pdftex.def)             Requested size: 390.0pt x 369.78496pt.
<C:/Users/victo/Documents/Repositories/Amerike/3rdSemester/Cafeteria-Menu/Asset
s/Img/DiagramaSecuencia/Diagrama-secuencia-SignUp.png, id=130, 268.00125pt x 44
0.24475pt>
File: C:/Users/victo/Documents/Repositories/Amerike/3rdSemester/Cafeteria-Menu/
Assets/Img/DiagramaSecuencia/Diagrama-secuencia-SignUp.png Graphic file (type p
ng)
<use C:/Users/victo/Documents/Repositories/Amerike/3rdSemester/Cafeteria-Menu/A
ssets/Img/DiagramaSecuencia/Diagrama-secuencia-SignUp.png>
Package pdftex.def Info: C:/Users/victo/Documents/Repositories/Amerike/3rdSemes
ter/Cafeteria-Menu/Assets/Img/DiagramaSecuencia/Diagrama-secuencia-SignUp.png  
used on input line 158.
(pdftex.def)             Requested size: 312.00119pt x 512.51817pt.
<C:/Users/victo/Documents/Repositories/Amerike/3rdSemester/Cafeteria-Menu/Asset
s/Img/DiagramaSecuencia/Diagrama-secuencia-agregar-comida.png, id=131, 436.029p
t x 436.63126pt>
File: C:/Users/victo/Documents/Repositories/Amerike/3rdSemester/Cafeteria-Menu/
Assets/Img/DiagramaSecuencia/Diagrama-secuencia-agregar-comida.png Graphic file
 (type png)
<use C:/Users/victo/Documents/Repositories/Amerike/3rdSemester/Cafeteria-Menu/A
ssets/Img/DiagramaSecuencia/Diagrama-secuencia-agregar-comida.png>
Package pdftex.def Info: C:/Users/victo/Documents/Repositories/Amerike/3rdSemes
ter/Cafeteria-Menu/Assets/Img/DiagramaSecuencia/Diagrama-secuencia-agregar-comi
da.png  used on input line 165.
(pdftex.def)             Requested size: 390.0pt x 390.55936pt.
<C:/Users/victo/Documents/Repositories/Amerike/3rdSemester/Cafeteria-Menu/Asset
s/Img/DiagramaSecuencia/Diagrama-secuencia-orders.png, id=132, 390.86024pt x 43
7.83575pt>
File: C:/Users/victo/Documents/Repositories/Amerike/3rdSemester/Cafeteria-Menu/
Assets/Img/DiagramaSecuencia/Diagrama-secuencia-orders.png Graphic file (type p
ng)
<use C:/Users/victo/Documents/Repositories/Amerike/3rdSemester/Cafeteria-Menu/A
ssets/Img/DiagramaSecuencia/Diagrama-secuencia-orders.png>
Package pdftex.def Info: C:/Users/victo/Documents/Repositories/Amerike/3rdSemes
ter/Cafeteria-Menu/Assets/Img/DiagramaSecuencia/Diagrama-secuencia-orders.png  
used on input line 172.
(pdftex.def)             Requested size: 390.0pt x 436.886pt.
 [9 <C:/Users/victo/Documents/Repositories/Amerike/3rdSemester/Cafeteria-Menu/A
ssets/Img/DiagramaSecuencia/Diagrama-secuencia-general.png>] [10 <C:/Users/vict
o/Documents/Repositories/Amerike/3rdSemester/Cafeteria-Menu/Assets/Img/Diagrama
Secuencia/Diagrama-secuencia-LogIn.png>]
[11 <C:/Users/victo/Documents/Repositories/Amerike/3rdSemester/Cafeteria-Menu/A
ssets/Img/DiagramaSecuencia/Diagrama-secuencia-SignUp.png>] [12 <C:/Users/victo
/Documents/Repositories/Amerike/3rdSemester/Cafeteria-Menu/Assets/Img/DiagramaS
ecuencia/Diagrama-secuencia-agregar-comida.png>] [13 <C:/Users/victo/Documents/
Repositories/Amerike/3rdSemester/Cafeteria-Menu/Assets/Img/DiagramaSecuencia/Di
agrama-secuencia-orders.png>]
<C:/Users/victo/Documents/Repositories/Amerike/3rdSemester/Cafeteria-Menu/Asset
s/Img/DiagramasFlujo/Diagrama-flujo-LogIn.png, id=164, 342.68025pt x 508.299pt>

File: C:/Users/victo/Documents/Repositories/Amerike/3rdSemester/Cafeteria-Menu/
Assets/Img/DiagramasFlujo/Diagrama-flujo-LogIn.png Graphic file (type png)
<use C:/Users/victo/Documents/Repositories/Amerike/3rdSemester/Cafeteria-Menu/A
ssets/Img/DiagramasFlujo/Diagrama-flujo-LogIn.png>
Package pdftex.def Info: C:/Users/victo/Documents/Repositories/Amerike/3rdSemes
ter/Cafeteria-Menu/Assets/Img/DiagramasFlujo/Diagrama-flujo-LogIn.png  used on 
input line 183.
(pdftex.def)             Requested size: 265.19714pt x 393.39247pt.
 [14 <C:/Users/victo/Documents/Repositories/Amerike/3rdSemester/Cafeteria-Menu/
Assets/Img/DiagramasFlujo/Diagrama-flujo-LogIn.png>] (Doc-cafeteria.aux
LaTeX Info: Redefining \. on input line 22.
LaTeX Info: Redefining \% on input line 22.
)
 ***********
LaTeX2e <2023-06-01> patch level 1
L3 programming layer <2023-08-11>
 ***********


LaTeX Warning: Label(s) may have changed. Rerun to get cross-references right.

Package rerunfilecheck Info: File `Doc-cafeteria.out' has not changed.
(rerunfilecheck)             Checksum: CAD0A5B547B09D5AFA44BE2549E6C0FF;1847.
 ) 
Here is how much of TeX's memory you used:
 10023 strings out of 475503
 169962 string characters out of 5761834
 1924248 words of memory out of 5000000
 31148 multiletter control sequences out of 15000+600000
 563584 words of font info for 54 fonts, out of 8000000 for 9000
 1141 hyphenation exceptions out of 8191
 75i,6n,79p,356b,514s stack positions out of 10000i,1000n,20000p,200000b,200000s
<C:/Users/victo/AppData/Local/Programs/MiKTeX/fonts/type1/public/amsfonts/cm/
cmbx12.pfb><C:/Users/victo/AppData/Local/Programs/MiKTeX/fonts/type1/public/ams
fonts/cm/cmr12.pfb><C:/Users/victo/AppData/Local/Programs/MiKTeX/fonts/type1/pu
blic/amsfonts/cm/cmr17.pfb><C:/Users/victo/AppData/Local/Programs/MiKTeX/fonts/
type1/public/amsfonts/cm/cmti12.pfb>
Output written on Doc-cafeteria.pdf (14 pages, 449876 bytes).
PDF statistics:
 201 PDF objects out of 1000 (max. 8388607)
 41 named destinations out of 1000 (max. 500000)
 168 words of extra memory for PDF output out of 10000 (max. 10000000)

